11:17:30  INFO    Probing API dengan pageSize=100...
11:17:36  INFO    API confirmed: 8,792 records | 880 pages | pageSize=10
11:17:36  INFO    Mulai scraping dari halaman 1/880...
11:17:36  INFO    Estimasi selesai: 20.5 menit
11:17:36  INFO    ------------------------------------------------------------
11:19:06  INFO      Page   50/880 |   5.7% |    500 records | ~25.0 mnt tersisa
11:20:37  INFO      Page  100/880 |  11.4% |  1,000 records | ~23.5 mnt tersisa
11:22:10  INFO      Page  150/880 |  17.0% |  1,500 records | ~22.2 mnt tersisa
11:23:40  INFO      Page  200/880 |  22.7% |  2,000 records | ~20.6 mnt tersisa
11:25:15  INFO      Page  250/880 |  28.4% |  2,500 records | ~19.3 mnt tersisa
11:26:48  INFO      Page  300/880 |  34.1% |  3,000 records | ~17.8 mnt tersisa
11:28:23  INFO      Page  350/880 |  39.8% |  3,500 records | ~16.3 mnt tersisa
11:29:55  INFO      Page  400/880 |  45.5% |  4,000 records | ~14.8 mnt tersisa
11:31:26  INFO      Page  450/880 |  51.1% |  4,500 records | ~13.2 mnt tersisa
11:32:54  INFO      Page  500/880 |  56.8% |  5,000 records | ~11.6 mnt tersisa
11:34:26  INFO      Page  550/880 |  62.5% |  5,500 records | ~10.1 mnt tersisa
11:35:50  INFO      Page  600/880 |  68.2% |  6,000 records | ~8.5 mnt tersisa
11:37:30  INFO      Page  650/880 |  73.9% |  6,500 records | ~7.0 mnt tersisa
11:39:02  INFO      Page  700/880 |  79.5% |  7,000 records | ~5.5 mnt tersisa
11:40:36  INFO      Page  750/880 |  85.2% |  7,500 records | ~4.0 mnt tersisa
11:42:11  INFO      Page  800/880 |  90.9% |  8,000 records | ~2.5 mnt tersisa
11:43:51  INFO      Page  850/880 |  96.6% |  8,500 records | ~0.9 mnt tersisa
11:44:44  INFO      Page  880/880 | 100.0% |  8,792 records | ~0.0 mnt tersisa
11:44:45  INFO    
Scraping selesai: 8,792 records dalam 27.2 menit
11:44:46  INFO    Exporting 8,792 records ke sfda_registered_drugs.xlsx...
11:45:17  INFO    ✓ Excel tersimpan: sfda_registered_drugs.xlsx (8,792 rows × 31 cols)
11:45:17  INFO    Checkpoint dihapus (scraping berhasil complete).
